Limit set as:  65 €
Headless mode Selenium
... Searching in DoyouSpain...
Traceback (most recent call last):
  File "/home/panchojasen/Projects/Rental-Car-Alert/Rental-Car-Alert.py", line 47, in <module>
    browser.get(url)
  File "/home/panchojasen/Projects/Rental-Car-Alert/.venv/lib/python3.10/site-packages/selenium/webdriver/remote/webdriver.py", line 455, in get
    self.execute(Command.GET, {"url": url})
  File "/home/panchojasen/Projects/Rental-Car-Alert/.venv/lib/python3.10/site-packages/selenium/webdriver/remote/webdriver.py", line 444, in execute
    self.error_handler.check_response(response)
  File "/home/panchojasen/Projects/Rental-Car-Alert/.venv/lib/python3.10/site-packages/selenium/webdriver/remote/errorhandler.py", line 249, in check_response
    raise exception_class(message, screen, stacktrace)
selenium.common.exceptions.WebDriverException: Message: unknown error: net::ERR_INTERNET_DISCONNECTED
  (Session info: headless chrome=114.0.5735.106)
Stacktrace:
#0 0x55590c4bb133 <unknown>
#1 0x55590c1ef966 <unknown>
#2 0x55590c1e79bf <unknown>
#3 0x55590c1d9e42 <unknown>
#4 0x55590c1db612 <unknown>
#5 0x55590c1da26a <unknown>
#6 0x55590c1d92e8 <unknown>
#7 0x55590c1d9120 <unknown>
#8 0x55590c1d7b18 <unknown>
#9 0x55590c1d814d <unknown>
#10 0x55590c1f1746 <unknown>
#11 0x55590c2648b5 <unknown>
#12 0x55590c24bbd2 <unknown>
#13 0x55590c2641c7 <unknown>
#14 0x55590c24b9a3 <unknown>
#15 0x55590c22046a <unknown>
#16 0x55590c22155e <unknown>
#17 0x55590c47acae <unknown>
#18 0x55590c47e8fe <unknown>
#19 0x55590c487f20 <unknown>
#20 0x55590c47f923 <unknown>
#21 0x55590c452c0e <unknown>
#22 0x55590c4a2b08 <unknown>
#23 0x55590c4a2c97 <unknown>
#24 0x55590c4b3113 <unknown>
#25 0x7f9875c94b43 <unknown>

Limit set as:  65 €
Headless mode Selenium
... Searching in DoyouSpain...
11.58 Euros at 
OK MOBILITY
Condiciones
 Autobús de cortesía Unknown Eléctrico Not Refundable Smart EQ ForTwo  Auto, Electric
36.49 Euros at 
FIREFLY
Condiciones
 Dentro aeropuerto Kilometraje Ilimitado Lleno/Vacío (Dev.) 
Cancelaciones Gratis
Modificaciones Gratis
 Fiat 500
36.49 Euros at 
FIREFLY
Condiciones
 Dentro aeropuerto Kilometraje Ilimitado Lleno/Vacío (Dev.) 
Cancelaciones Gratis
Modificaciones Gratis
 Hyundai i10
39.87 Euros at 
GOLDCAR
Condiciones
 Dentro aeropuerto Unknown Lleno/Vacío (Dev.) Not Refundable Peugeot 108
39.87 Euros at 
GOLDCAR
Condiciones
 Dentro aeropuerto Unknown Lleno/Vacío (Dev.) Not Refundable Opel Adam
39.87 Euros at 
GOLDCAR
Condiciones
 Dentro aeropuerto Unknown Lleno/Vacío (Dev.) Not Refundable Volkswagen UP
41.72 Euros at 
GOLDCAR
Condiciones
 Dentro aeropuerto Unknown Lleno/Vacío (Dev.) Not Refundable Citroen DS3, Special Offer
42.89 Euros at 
FIREFLY
Condiciones
 Dentro aeropuerto Kilometraje Ilimitado Lleno/Vacío (Dev.) 
Cancelaciones Gratis
Modificaciones Gratis
 Renault Clio
42.89 Euros at 
FIREFLY
Condiciones
 Dentro aeropuerto Kilometraje Ilimitado Lleno/Vacío (Dev.) 
Cancelaciones Gratis
Modificaciones Gratis
 Ford Fiesta
45.66 Euros at 
FIREFLY
Condiciones
 Dentro aeropuerto Kilometraje Ilimitado Lleno/Vacío (Dev.) 
Cancelaciones Gratis
Modificaciones Gratis
 Ford Focus
45.66 Euros at 
FIREFLY
Condiciones
 Dentro aeropuerto Kilometraje Ilimitado Lleno/Vacío (Dev.) 
Cancelaciones Gratis
Modificaciones Gratis
 VW Golf
45.81 Euros at 
OK MOBILITY
Condiciones
 Autobús de cortesía Unknown Lleno/Lleno Not Refundable Seat Ibiza
49.0 Euros at 
ALAMO
Condiciones
 Dentro aeropuerto Unknown Lleno/Lleno 
Cancelaciones
Modificaciones Gratis
 Toyota Aygo
50.37 Euros at 
FIREFLY
Condiciones
 Dentro aeropuerto Kilometraje Ilimitado Lleno/Vacío (Dev.) 
Cancelaciones Gratis
Modificaciones Gratis
 Seat Arona
51.45 Euros at 
ALAMO
Condiciones
 Dentro aeropuerto Unknown Lleno/Lleno 
Cancelaciones
Modificaciones Gratis
 Opel Corsa
52.77 Euros at 
OK MOBILITY
Condiciones
 Autobús de cortesía Unknown Lleno/Lleno Not Refundable Peugeot 2008
53.88 Euros at 
GOLDCAR
Condiciones
 Dentro aeropuerto Unknown Eléctrico Not Refundable Fiat 500  Auto, Electric
56.41 Euros at 
FIREFLY
Condiciones
 Dentro aeropuerto Kilometraje Ilimitado Lleno/Vacío (Dev.) 
Cancelaciones Gratis
Modificaciones Gratis
 Seat Arona  Auto
56.91 Euros at 
ALAMO
Condiciones
 Dentro aeropuerto Unknown Lleno/Lleno 
Cancelaciones
Modificaciones Gratis
 Ford Focus
56.91 Euros at 
ALAMO
Condiciones
 Dentro aeropuerto Unknown Lleno/Lleno 
Cancelaciones
Modificaciones Gratis
 Seat Leon
59.04 Euros at 
DOLLAR
Condiciones
 Dentro aeropuerto Kilometraje Ilimitado Lleno/Lleno 
Cancelaciones Gratis
Modificaciones Gratis
 Opel Mokka
60.18 Euros at 
OK MOBILITY
Condiciones
 Autobús de cortesía Unknown Eléctrico Not Refundable Smart EQ ForFour  Auto, Electric
62.88 Euros at 
ALAMO
Condiciones
 Dentro aeropuerto Unknown Lleno/Lleno 
Cancelaciones
Modificaciones Gratis
 Nissan Qashqai
62.88 Euros at 
ALAMO
Condiciones
 Dentro aeropuerto Unknown Lleno/Lleno 
Cancelaciones
Modificaciones Gratis
 Opel Astra  Auto
63.18 Euros at 
ALAMO
Condiciones
 Dentro aeropuerto Kilometraje Ilimitado Lleno/Lleno 
Cancelaciones
Modificaciones Gratis
 Opel Astra SW
64.18 Euros at 
ALAMO
Condiciones
 Dentro aeropuerto Unknown Lleno/Lleno 
Cancelaciones
Modificaciones Gratis
 Mercedes A Class
64.18 Euros at 
ALAMO
Condiciones
 Dentro aeropuerto Unknown Lleno/Lleno 
Cancelaciones
Modificaciones Gratis
 Seat Toledo
64.78 Euros at 
ALAMO
Condiciones
 Dentro aeropuerto Unknown Lleno/Lleno 
Cancelaciones
Modificaciones Gratis
 Opel Insignia
64.78 Euros at 
DOLLAR
Condiciones
 Dentro aeropuerto Kilometraje Ilimitado Lleno/Lleno 
Cancelaciones Gratis
Modificaciones Gratis
 Volkswagen T-Roc  Auto
64.8 Euros at 
OK MOBILITY
Condiciones
 Autobús de cortesía Unknown Lleno/Lleno Not Refundable VW Golf  Auto
66.06 Euros at 
ALAMO
Condiciones
 Dentro aeropuerto Unknown Lleno/Lleno 
Cancelaciones
Modificaciones Gratis
 Ford Kuga
66.06 Euros at 
ALAMO
Condiciones
 Dentro aeropuerto Kilometraje Ilimitado Lleno/Lleno 
Cancelaciones
Modificaciones Gratis
 Opel Insignia SW
72.22 Euros at 
DRIVALIA
Condiciones
 Autobús de cortesía Unknown Lleno/Lleno 
Cancelaciones Gratis
Modificaciones Gratis
 Alfa Romeo Stelvio  Auto
67.01 Euros at 
DRIVALIA
Condiciones
 Autobús de cortesía Unknown Lleno/Lleno Not Refundable Alfa Romeo Stelvio  Auto
67.08 Euros at 
ENTERPRISE
Condiciones
 Dentro aeropuerto Kilometraje Ilimitado Igual - Igual 
Cancelaciones
Modificaciones Gratis
 Toyota Yaris  Auto
67.13 Euros at 
ALQUICOCHE
Condiciones
 Autobús de cortesía Kilometraje Ilimitado Lleno/Lleno 
Cancelaciones
Modificaciones Gratis
 Citroen C3
67.22 Euros at 
DRIVALIA
Condiciones
 Autobús de cortesía Unknown Lleno/Lleno Not Refundable Ford Focus SW
69.22 Euros at 
ALAMO
Condiciones
 Dentro aeropuerto Unknown Lleno/Lleno 
Cancelaciones
Modificaciones Gratis
 Toyota CHR  Auto, Hybrid
69.84 Euros at 
ALAMO
Condiciones
 Dentro aeropuerto Kilometraje Ilimitado Lleno/Lleno 
Cancelaciones
Modificaciones Gratis
 Opel Astra SW  Auto
72.51 Euros at 
NATIONAL
Condiciones
 Dentro aeropuerto Unknown Igual - Igual 
Cancelaciones
Modificaciones Gratis
 Seat Leon  Auto
76.32 Euros at 
ALQUICOCHE
Condiciones
 Autobús de cortesía Kilometraje Ilimitado Lleno/Lleno 
Cancelaciones
Modificaciones Gratis
 Hyundai i20  Auto, Diesel
78.21 Euros at 
OK MOBILITY
Condiciones
 Autobús de cortesía Unknown Lleno/Lleno Not Refundable Nissan Qashqai  Auto
79.05 Euros at 
DOLLAR
Condiciones
 Dentro aeropuerto Kilometraje Ilimitado Lleno/Lleno 
Cancelaciones Gratis
Modificaciones Gratis
 Renault Kadjar
79.35 Euros at 
ALQUICOCHE
Condiciones
 Autobús de cortesía Kilometraje Ilimitado Lleno/Lleno 
Cancelaciones
Modificaciones Gratis
 Hyundai Kona
79.35 Euros at 
ALQUICOCHE
Condiciones
 Autobús de cortesía Kilometraje Ilimitado Lleno/Lleno 
Cancelaciones
Modificaciones Gratis
 Citroen C3 Aircross, Diesel
79.77 Euros at 
BUDGET
Condiciones
 Dentro aeropuerto Kilometraje Ilimitado Lleno/Lleno 
Cancelaciones Gratis
Modificaciones Gratis
 Opel Crossland X
79.99 Euros at 
RENT A CAR
Condiciones
 Dentro aeropuerto Kilometraje Ilimitado Lleno/Lleno 
Cancelaciones
Modificaciones Gratis
 Seat Leon SW
79.99 Euros at 
RENT A CAR
Condiciones
 Dentro aeropuerto Kilometraje Ilimitado Lleno/Lleno 
Cancelaciones
Modificaciones Gratis
 Peugeot 2008  Auto
80.91 Euros at 
DRIVALIA
Condiciones
 Autobús de cortesía Unknown Lleno/Lleno Not Refundable Fiat 500 Cabrio
83.75 Euros at 
BUDGET
Condiciones
 Dentro aeropuerto Kilometraje Ilimitado Lleno/Lleno 
Cancelaciones Gratis
Modificaciones Gratis
 Renault Captur  Auto
85.17 Euros at 
OK MOBILITY
Condiciones
 Autobús de cortesía Unknown Lleno/Lleno Not Refundable Cupra Formentor
89.45 Euros at 
KEDDY by Europcar
Condiciones
 Dentro aeropuerto Kilometraje Ilimitado Lleno/Lleno 
Cancelaciones
Modificaciones Gratis
 Nissan Micra
90.71 Euros at 
BUDGET
Condiciones
 Dentro aeropuerto Kilometraje Ilimitado Lleno/Lleno 
Cancelaciones Gratis
Modificaciones Gratis
 Seat Ateca
90.71 Euros at 
KEDDY by Europcar
Condiciones
 Dentro aeropuerto Kilometraje Ilimitado Eléctrico 
Cancelaciones
Modificaciones Gratis
 Renault Zoe  Auto, Electric
90.99 Euros at 
DOLLAR
Condiciones
 Dentro aeropuerto Kilometraje Ilimitado Lleno/Lleno 
Cancelaciones Gratis
Modificaciones Gratis
 Toyota Corolla
93.8 Euros at 
KEDDY by Europcar
Condiciones
 Dentro aeropuerto Kilometraje Ilimitado Lleno/Lleno 
Cancelaciones
Modificaciones Gratis
 Fiat 500L
95.34 Euros at 
OK MOBILITY
Condiciones
 Autobús de cortesía Unknown Lleno/Lleno Not Refundable Audi A3 Sedan  Auto
101.37 Euros at 
OK MOBILITY
Condiciones
 Autobús de cortesía Unknown Lleno/Lleno Not Refundable Lynk & Co  Auto, Hybrid
101.44 Euros at 
AVIS
Condiciones
 Dentro aeropuerto Kilometraje Ilimitado Lleno/Lleno 
Cancelaciones Gratis
Modificaciones Gratis
 Opel Grandland
103.84 Euros at 
RENT A CAR
Condiciones
 Dentro aeropuerto Kilometraje Ilimitado Lleno/Lleno 
Cancelaciones
Modificaciones Gratis
 BMW 3 Series  Auto
105.38 Euros at 
EUROPCAR
Condiciones
 Dentro aeropuerto Kilometraje Ilimitado Lleno/Lleno 
Cancelaciones
Modificaciones Gratis
 Fiat 500
105.98 Euros at 
SIXT
Condiciones
 Dentro aeropuerto Unknown Lleno/Lleno 
Cancelaciones
Modificaciones Gratis
 Volkswagen Polo
106.25 Euros at 
EUROPCAR
Condiciones
 Dentro aeropuerto Kilometraje Ilimitado Lleno/Lleno 
Cancelaciones
Modificaciones Gratis
 Citroen Elysee
106.94 Euros at 
EUROPCAR
Condiciones
 Dentro aeropuerto Kilometraje Ilimitado Lleno/Lleno 
Cancelaciones
Modificaciones Gratis
 Fiat Panda
108.92 Euros at 
BUDGET
Condiciones
 Dentro aeropuerto Kilometraje Ilimitado Lleno/Lleno 
Cancelaciones Gratis
Modificaciones Gratis
 Ford Kuga  Auto
111.87 Euros at 
RENT A CAR
Condiciones
 Dentro aeropuerto Unknown Eléctrico 
Cancelaciones
Modificaciones Gratis
 Polestar 2 5 Door Auto, Electric
111.96 Euros at 
SIXT
Condiciones
 Dentro aeropuerto Unknown Lleno/Lleno 
Cancelaciones
Modificaciones Gratis
 Skoda Scala
112.02 Euros at 
OK MOBILITY
Condiciones
 Autobús de cortesía Unknown Lleno/Lleno Not Refundable Mercedes Citan, Diesel
112.18 Euros at 
KEDDY by Europcar
Condiciones
 Dentro aeropuerto Kilometraje Ilimitado Lleno/Lleno 
Cancelaciones
Modificaciones Gratis
 VW Polo  Auto
114.78 Euros at 
OK MOBILITY
Condiciones
 Autobús de cortesía Unknown Lleno/Lleno Not Refundable Mercedes C Class  Auto
115.44 Euros at 
GOLDCAR KEYN GO
Condiciones
 Dentro aeropuerto Kilometraje Ilimitado Lleno/Lleno 
Cancelaciones
Modificaciones Gratis
 Peugeot 108
115.44 Euros at 
GOLDCAR KEYN GO
Condiciones
 Dentro aeropuerto Kilometraje Ilimitado Lleno/Lleno 
Cancelaciones
Modificaciones Gratis
 Opel Adam
115.44 Euros at 
GOLDCAR KEYN GO
Condiciones
 Dentro aeropuerto Kilometraje Ilimitado Lleno/Lleno 
Cancelaciones
Modificaciones Gratis
 Volkswagen UP
116.89 Euros at 
RECORD
Condiciones
 Dentro aeropuerto Kilometraje Ilimitado Lleno/Lleno 
Cancelaciones Gratis
Modificaciones Gratis
 Fiat 500X
116.96 Euros at 
SIXT
Condiciones
 Dentro aeropuerto Unknown Lleno/Lleno 
Cancelaciones
Modificaciones Gratis
 Volkswagen T-Cross
117.35 Euros at 
GOLDCAR KEYN GO
Condiciones
 Dentro aeropuerto Kilometraje Ilimitado Lleno/Lleno 
Cancelaciones
Modificaciones Gratis
 Fiat 500
117.35 Euros at 
GOLDCAR KEYN GO
Condiciones
 Dentro aeropuerto Kilometraje Ilimitado Lleno/Lleno 
Cancelaciones
Modificaciones Gratis
 Citroen DS3, Special Offer
117.57 Euros at 
OK MOBILITY
Condiciones
 Autobús de cortesía Unknown Lleno/Lleno Not Refundable DS7  Auto
117.73 Euros at 
RENT A CAR
Condiciones
 Dentro aeropuerto Unknown Eléctrico 
Cancelaciones
Modificaciones Gratis
 Tesla Model 3  Auto, Electric
117.74 Euros at 
NIZACARS
Condiciones
 Autobús de cortesía Unknown Lleno/Vacío (Dev.) 
Cancelaciones Gratis
Modificaciones Gratis
 Skoda Scala  Auto
117.86 Euros at 
KEDDY by Europcar
Condiciones
 Dentro aeropuerto Kilometraje Ilimitado Lleno/Lleno 
Cancelaciones
Modificaciones Gratis
 Volkswagen T-Roc
118.6 Euros at 
NIZACARS
Condiciones
 Autobús de cortesía Unknown Lleno/Vacío (Dev.) 
Cancelaciones Gratis
Modificaciones Gratis
 Mini Cooper  Auto
121.81 Euros at 
AVIS
Condiciones
 Dentro aeropuerto Kilometraje Ilimitado Lleno/Lleno 
Cancelaciones Gratis
Modificaciones Gratis
 Seat Ateca  Auto
125.2 Euros at 
KEDDY by Europcar
Condiciones
 Dentro aeropuerto Kilometraje Ilimitado Lleno/Lleno 
Cancelaciones
Modificaciones Gratis
 Peugeot 3008  Auto, Hybrid
125.58 Euros at 
GOLDCAR KEYN GO
Condiciones
 Dentro aeropuerto Kilometraje Ilimitado Eléctrico 
Cancelaciones
Modificaciones Gratis
 Fiat 500  Auto, Electric
125.64 Euros at 
ALQUICOCHE
Condiciones
 Autobús de cortesía Kilometraje Ilimitado Lleno/Lleno 
Cancelaciones
Modificaciones Gratis
 Citroen C4 Picasso 5+2  Auto, Diesel
126.21 Euros at 
NIZACARS
Condiciones
 Autobús de cortesía Unknown Lleno/Vacío (Dev.) 
Cancelaciones Gratis
Modificaciones Gratis
 Skoda Karoq  Auto
126.21 Euros at 
NIZACARS
Condiciones
 Autobús de cortesía Unknown Lleno/Vacío (Dev.) 
Cancelaciones Gratis
Modificaciones Gratis
 Renault Arkana  Auto
128.22 Euros at 
OK MOBILITY
Condiciones
 Autobús de cortesía Unknown Lleno/Lleno Not Refundable Mercedes C Class SW  Auto
128.96 Euros at 
SIXT
Condiciones
 Dentro aeropuerto Unknown Lleno/Lleno 
Cancelaciones
Modificaciones Gratis
 Audi A1
128.99 Euros at 
SIXT
Condiciones
 Dentro aeropuerto Unknown Lleno/Lleno 
Cancelaciones
Modificaciones Gratis
 Peugeot 308  Auto
129.63 Euros at 
OK MOBILITY
Condiciones
 Autobús de cortesía Unknown Lleno/Lleno Not Refundable BMW X3  Auto
133.97 Euros at 
SIXT
Condiciones
 Dentro aeropuerto Unknown Eléctrico 
Cancelaciones
Modificaciones Gratis
 BMW i3  Auto, Electric
135.19 Euros at 
GOLDCAR KEYN GO
Condiciones
 Dentro aeropuerto Kilometraje Ilimitado Lleno/Lleno 
Cancelaciones
Modificaciones Gratis
 Seat Arona  Auto
135.97 Euros at 
SIXT
Condiciones
 Dentro aeropuerto Unknown Lleno/Lleno 
Cancelaciones
Modificaciones Gratis
 Citroen C4
136.47 Euros at 
NIZACARS
Condiciones
 Autobús de cortesía Unknown Lleno/Vacío (Dev.) 
Cancelaciones Gratis
Modificaciones Gratis
 Audi A3  Auto
136.96 Euros at 
SIXT
Condiciones
 Dentro aeropuerto Unknown Lleno/Lleno 
Cancelaciones
Modificaciones Gratis
 Audi A3 Sportback
137.98 Euros at 
SIXT
Condiciones
 Dentro aeropuerto Unknown Lleno/Lleno 
Cancelaciones
Modificaciones Gratis
 Citroen C4  Auto
143.35 Euros at 
EUROPCAR
Condiciones
 Dentro aeropuerto Kilometraje Ilimitado Lleno/Lleno 
Cancelaciones
Modificaciones Gratis
 Fiat Tipo
144.87 Euros at 
EUROPCAR
Condiciones
 Dentro aeropuerto Kilometraje Ilimitado Lleno/Lleno 
Cancelaciones
Modificaciones Gratis
 Opel Mokka  Auto
145.88 Euros at 
NIZACARS
Condiciones
 Autobús de cortesía Unknown Lleno/Vacío (Dev.) 
Cancelaciones Gratis
Modificaciones Gratis
 Mini Cooper Cabrio  Auto
148.98 Euros at 
SIXT
Condiciones
 Dentro aeropuerto Unknown Lleno/Lleno 
Cancelaciones
Modificaciones Gratis
 Mercedes A Class  Auto
157.39 Euros at 
RENT A CAR
Condiciones
 Dentro aeropuerto Kilometraje Ilimitado Lleno/Lleno 
Cancelaciones
Modificaciones Gratis
 Volvo XC60  Auto
159.07 Euros at 
NIZACARS
Condiciones
 Autobús de cortesía Unknown Lleno/Vacío (Dev.) 
Cancelaciones Gratis
Modificaciones Gratis
 BMW X1  Auto
208.95 Euros at 
SIXT
Condiciones
 Dentro aeropuerto Unknown Lleno/Lleno 
Cancelaciones
Modificaciones Gratis
 Audi A4
214.18 Euros at 
ALAMO
Condiciones
 Dentro aeropuerto Unknown Lleno/Lleno 
Cancelaciones
Modificaciones Gratis
 Seat Toledo  Auto
216.21 Euros at 
ALAMO
Condiciones
 Dentro aeropuerto Unknown Lleno/Lleno 
Cancelaciones
Modificaciones Gratis
 Opel Insignia  Auto
218.82 Euros at 
EUROPCAR
Condiciones
 Dentro aeropuerto Kilometraje Ilimitado Eléctrico 
Cancelaciones
Modificaciones Gratis
 Ford Mustang Mach-E  Auto, Electric
218.95 Euros at 
SIXT
Condiciones
 Dentro aeropuerto Unknown Lleno/Lleno 
Cancelaciones
Modificaciones Gratis
 Audi A4  Auto
220.45 Euros at 
ALAMO
Condiciones
 Dentro aeropuerto Kilometraje Ilimitado Lleno/Lleno 
Cancelaciones
Modificaciones Gratis
 Opel Insignia SW  Auto
228.94 Euros at 
SIXT
Condiciones
 Dentro aeropuerto Unknown Lleno/Lleno 
Cancelaciones
Modificaciones Gratis
 Audi Q3  Auto
230.94 Euros at 
ALAMO
Condiciones
 Dentro aeropuerto Unknown Lleno/Lleno 
Cancelaciones
Modificaciones Gratis
 Volvo XC40  Auto
231.98 Euros at 
SIXT
Condiciones
 Dentro aeropuerto Unknown Lleno/Lleno 
Cancelaciones
Modificaciones Gratis
 Audi A4 SW  Auto
233.17 Euros at 
BUDGET
Condiciones
 Dentro aeropuerto Kilometraje Ilimitado Lleno/Lleno 
Cancelaciones Gratis
Modificaciones Gratis
 BMW 5 Series  Auto, Diesel
233.97 Euros at 
SIXT
Condiciones
 Dentro aeropuerto Unknown Lleno/Lleno 
Cancelaciones
Modificaciones Gratis
 BMW X1  Auto, Hybrid
250.35 Euros at 
ALAMO
Condiciones
 Dentro aeropuerto Unknown Lleno/Lleno 
Cancelaciones
Modificaciones Gratis
 Mercedes C Class
259.73 Euros at 
RECORD
Condiciones
 Dentro aeropuerto Unknown Lleno/Lleno 
Cancelaciones Gratis
Modificaciones Gratis
 Mercedes B Class  Auto
300.4 Euros at 
ALAMO
Condiciones
 Dentro aeropuerto Unknown Lleno/Lleno 
Cancelaciones
Modificaciones Gratis
 Mercedes E Class  Auto
300.4 Euros at 
ALAMO
Condiciones
 Dentro aeropuerto Unknown Lleno/Lleno 
Cancelaciones
Modificaciones Gratis
 Jaguar F-PACE  Auto
318.98 Euros at 
SIXT
Condiciones
 Dentro aeropuerto Unknown Lleno/Lleno 
Cancelaciones
Modificaciones Gratis
 Skoda Kodiaq
332.96 Euros at 
SIXT
Condiciones
 Dentro aeropuerto Unknown Eléctrico 
Cancelaciones
Modificaciones Gratis
 BMW IX40  Auto, Electric
332.97 Euros at 
SIXT
Condiciones
 Dentro aeropuerto Unknown Lleno/Lleno 
Cancelaciones
Modificaciones Gratis
 BMW 5 Series  Auto
333.27 Euros at 
OK MOBILITY
Condiciones
 Autobús de cortesía Unknown Lleno/Lleno Not Refundable Peugeot Rifter 5+2
337.66 Euros at 
RECORD
Condiciones
 Dentro aeropuerto Unknown Lleno/Lleno 
Cancelaciones Gratis
Modificaciones Gratis
 Alfa Romeo Stelvio  Auto
338.79 Euros at 
ALQUICOCHE
Condiciones
 Autobús de cortesía Kilometraje Ilimitado Lleno/Lleno 
Cancelaciones
Modificaciones Gratis
 Peugeot 3008  Auto
348.94 Euros at 
SIXT
Condiciones
 Dentro aeropuerto Unknown Lleno/Lleno 
Cancelaciones
Modificaciones Gratis
 Audi A6 SW  Auto
351.95 Euros at 
SIXT
Condiciones
 Dentro aeropuerto Unknown Lleno/Lleno 
Cancelaciones
Modificaciones Gratis
 Mini One Cabrio
376.62 Euros at 
RECORD
Condiciones
 Dentro aeropuerto Unknown Lleno/Lleno 
Cancelaciones Gratis
Modificaciones Gratis
 Alfa Romeo Giulia  Auto
383.25 Euros at 
OK MOBILITY
Condiciones
 Autobús de cortesía Unknown Lleno/Lleno Not Refundable Renault Espace  Auto
399.9 Euros at 
OK MOBILITY
Condiciones
 Autobús de cortesía Unknown Lleno/Lleno Not Refundable Renault Trafic
411.93 Euros at 
OK MOBILITY
Condiciones
 Autobús de cortesía Unknown Eléctrico Not Refundable Tesla Model Y  Auto, Electric
415.99 Euros at 
SIXT
Condiciones
 Dentro aeropuerto Unknown Lleno/Lleno 
Cancelaciones
Modificaciones Gratis
 Audi Q5  Auto
431.95 Euros at 
SIXT
Condiciones
 Dentro aeropuerto Unknown Eléctrico 
Cancelaciones
Modificaciones Gratis
 Tesla Model Y  Auto, Electric
434.95 Euros at 
SIXT
Condiciones
 Dentro aeropuerto Unknown Lleno/Lleno 
Cancelaciones
Modificaciones Gratis
 BMW 530  Auto
448.98 Euros at 
OK MOBILITY
Condiciones
 Autobús de cortesía Unknown Lleno/Lleno Not Refundable Mercedes V Class  Auto
453.15 Euros at 
OK MOBILITY
Condiciones
 Autobús de cortesía Unknown Lleno/Lleno Not Refundable Range Rover Velar  Auto
459.96 Euros at 
SIXT
Condiciones
 Dentro aeropuerto Unknown Lleno/Lleno 
Cancelaciones
Modificaciones Gratis
 VW Multivan
510.26 Euros at 
ALAMO
Condiciones
 Dentro aeropuerto Unknown Lleno/Lleno 
Cancelaciones
Modificaciones Gratis
 Peugeot Partner
514.37 Euros at 
EUROPCAR
Condiciones
 Dentro aeropuerto Kilometraje Ilimitado Eléctrico 
Cancelaciones
Modificaciones Gratis
 Audi e-tron  Auto, Electric
514.94 Euros at 
SIXT
Condiciones
 Dentro aeropuerto Unknown Lleno/Lleno 
Cancelaciones
Modificaciones Gratis
 BMW Z4 Cabrio  Auto
515.61 Euros at 
OK MOBILITY
Condiciones
 Autobús de cortesía Unknown Lleno/Lleno Not Refundable Mercedes Vito  Auto
604.76 Euros at 
ENTERPRISE
Condiciones
 Dentro aeropuerto Kilometraje Ilimitado Igual - Igual 
Cancelaciones
Modificaciones Gratis
 Peugeot Partner  Auto
611.97 Euros at 
SIXT
Condiciones
 Dentro aeropuerto Unknown Lleno/Lleno 
Cancelaciones
Modificaciones Gratis
 BMW 4 Series Cabrio  Auto
628.29 Euros at 
OK MOBILITY
Condiciones
 Autobús de cortesía Unknown Lleno/Lleno Not Refundable BMW X5  Auto
648.96 Euros at 
SIXT
Condiciones
 Dentro aeropuerto Unknown Lleno/Lleno 
Cancelaciones
Modificaciones Gratis
 BMW 7 Series  Auto
669.94 Euros at 
SIXT
Condiciones
 Dentro aeropuerto Unknown Lleno/Lleno 
Cancelaciones
Modificaciones Gratis
 BMW 8 Series Coupe  Auto
681.96 Euros at 
SIXT
Condiciones
 Dentro aeropuerto Unknown Lleno/Lleno 
Cancelaciones
Modificaciones Gratis
 Mercedes Benz Vito
763.96 Euros at 
SIXT
Condiciones
 Dentro aeropuerto Unknown Lleno/Lleno 
Cancelaciones
Modificaciones Gratis
 Mercedes E Class Cabrio  Auto
813.45 Euros at 
OK MOBILITY
Condiciones
 Autobús de cortesía Unknown Lleno/Lleno Not Refundable Maserati Levante  Auto
968.64 Euros at 
ALAMO
Condiciones
 Dentro aeropuerto Kilometraje Ilimitado Lleno/Lleno 
Cancelaciones
Modificaciones Gratis
 Citroen Berlingo  Auto
1271.7 Euros at 
RECORD
Condiciones
 Dentro aeropuerto Unknown Lleno/Lleno 
Cancelaciones Gratis
Modificaciones Gratis
 Citroen C4 Grand Spacetourer
1589.65 Euros at 
RECORD
Condiciones
 Dentro aeropuerto Unknown Lleno/Lleno 
Cancelaciones Gratis
Modificaciones Gratis
 VW Caravelle
1 results found under the setted price
1 RESULTS UNDER LIMIT PRICE! (65€) 

Discount of 26.42!! Smart EQ ForTwo  Auto, Electric found at 38.58€ with insurance (11.58€ without) with the company 
OK MOBILITY
Condiciones
. The car includes: Unknown and Not Refundable. The pickup is: Autobús de cortesía


...Email sent...
Waiting for next round:  1.5761068612093418
Next search programmed at: 12:18:00
... Searching in DoyouSpain...
11.58 Euros at 
OK MOBILITY
Condiciones
 Autobús de cortesía Unknown Eléctrico Not Refundable Smart EQ ForTwo  Auto, Electric
36.49 Euros at 
FIREFLY
Condiciones
 Dentro aeropuerto Kilometraje Ilimitado Lleno/Vacío (Dev.) 
Cancelaciones Gratis
Modificaciones Gratis
 Fiat 500
36.49 Euros at 
FIREFLY
Condiciones
 Dentro aeropuerto Kilometraje Ilimitado Lleno/Vacío (Dev.) 
Cancelaciones Gratis
Modificaciones Gratis
 Hyundai i10
39.87 Euros at 
GOLDCAR
Condiciones
 Dentro aeropuerto Unknown Lleno/Vacío (Dev.) Not Refundable Peugeot 108
39.87 Euros at 
GOLDCAR
Condiciones
 Dentro aeropuerto Unknown Lleno/Vacío (Dev.) Not Refundable Opel Adam
39.87 Euros at 
GOLDCAR
Condiciones
 Dentro aeropuerto Unknown Lleno/Vacío (Dev.) Not Refundable Volkswagen UP
41.72 Euros at 
GOLDCAR
Condiciones
 Dentro aeropuerto Unknown Lleno/Vacío (Dev.) Not Refundable Citroen DS3, Special Offer
42.89 Euros at 
FIREFLY
Condiciones
 Dentro aeropuerto Kilometraje Ilimitado Lleno/Vacío (Dev.) 
Cancelaciones Gratis
Modificaciones Gratis
 Renault Clio
42.89 Euros at 
FIREFLY
Condiciones
 Dentro aeropuerto Kilometraje Ilimitado Lleno/Vacío (Dev.) 
Cancelaciones Gratis
Modificaciones Gratis
 Ford Fiesta
45.66 Euros at 
FIREFLY
Condiciones
 Dentro aeropuerto Kilometraje Ilimitado Lleno/Vacío (Dev.) 
Cancelaciones Gratis
Modificaciones Gratis
 Ford Focus
45.66 Euros at 
FIREFLY
Condiciones
 Dentro aeropuerto Kilometraje Ilimitado Lleno/Vacío (Dev.) 
Cancelaciones Gratis
Modificaciones Gratis
 VW Golf
45.81 Euros at 
OK MOBILITY
Condiciones
 Autobús de cortesía Unknown Lleno/Lleno Not Refundable Seat Ibiza
49.0 Euros at 
ALAMO
Condiciones
 Dentro aeropuerto Unknown Lleno/Lleno 
Cancelaciones
Modificaciones Gratis
 Toyota Aygo
50.37 Euros at 
FIREFLY
Condiciones
 Dentro aeropuerto Kilometraje Ilimitado Lleno/Vacío (Dev.) 
Cancelaciones Gratis
Modificaciones Gratis
 Seat Arona
51.45 Euros at 
ALAMO
Condiciones
 Dentro aeropuerto Unknown Lleno/Lleno 
Cancelaciones
Modificaciones Gratis
 Opel Corsa
52.77 Euros at 
OK MOBILITY
Condiciones
 Autobús de cortesía Unknown Lleno/Lleno Not Refundable Peugeot 2008
53.88 Euros at 
GOLDCAR
Condiciones
 Dentro aeropuerto Unknown Eléctrico Not Refundable Fiat 500  Auto, Electric
57.55 Euros at 
DRIVALIA
Condiciones
 Autobús de cortesía Unknown Lleno/Lleno 
Cancelaciones Gratis
Modificaciones Gratis
 Fiat 500 Cabrio
54.99 Euros at 
DRIVALIA
Condiciones
 Autobús de cortesía Unknown Lleno/Lleno Not Refundable Fiat 500 Cabrio
56.41 Euros at 
FIREFLY
Condiciones
 Dentro aeropuerto Kilometraje Ilimitado Lleno/Vacío (Dev.) 
Cancelaciones Gratis
Modificaciones Gratis
 Seat Arona  Auto
56.91 Euros at 
ALAMO
Condiciones
 Dentro aeropuerto Unknown Lleno/Lleno 
Cancelaciones
Modificaciones Gratis
 Ford Focus
56.91 Euros at 
ALAMO
Condiciones
 Dentro aeropuerto Unknown Lleno/Lleno 
Cancelaciones
Modificaciones Gratis
 Seat Leon
59.04 Euros at 
DOLLAR
Condiciones
 Dentro aeropuerto Kilometraje Ilimitado Lleno/Lleno 
Cancelaciones Gratis
Modificaciones Gratis
 Opel Mokka
60.18 Euros at 
OK MOBILITY
Condiciones
 Autobús de cortesía Unknown Eléctrico Not Refundable Smart EQ ForFour  Auto, Electric
62.88 Euros at 
ALAMO
Condiciones
 Dentro aeropuerto Unknown Lleno/Lleno 
Cancelaciones
Modificaciones Gratis
 Nissan Qashqai
62.88 Euros at 
ALAMO
Condiciones
 Dentro aeropuerto Unknown Lleno/Lleno 
Cancelaciones
Modificaciones Gratis
 Opel Astra  Auto
63.18 Euros at 
ALAMO
Condiciones
 Dentro aeropuerto Kilometraje Ilimitado Lleno/Lleno 
Cancelaciones
Modificaciones Gratis
 Opel Astra SW
64.18 Euros at 
ALAMO
Condiciones
 Dentro aeropuerto Unknown Lleno/Lleno 
Cancelaciones
Modificaciones Gratis
 Mercedes A Class
64.18 Euros at 
ALAMO
Condiciones
 Dentro aeropuerto Unknown Lleno/Lleno 
Cancelaciones
Modificaciones Gratis
 Seat Toledo
64.78 Euros at 
ALAMO
Condiciones
 Dentro aeropuerto Unknown Lleno/Lleno 
Cancelaciones
Modificaciones Gratis
 Opel Insignia
64.78 Euros at 
DOLLAR
Condiciones
 Dentro aeropuerto Kilometraje Ilimitado Lleno/Lleno 
Cancelaciones Gratis
Modificaciones Gratis
 Volkswagen T-Roc  Auto
64.8 Euros at 
OK MOBILITY
Condiciones
 Autobús de cortesía Unknown Lleno/Lleno Not Refundable VW Golf  Auto
66.06 Euros at 
ALAMO
Condiciones
 Dentro aeropuerto Unknown Lleno/Lleno 
Cancelaciones
Modificaciones Gratis
 Ford Kuga
66.06 Euros at 
ALAMO
Condiciones
 Dentro aeropuerto Kilometraje Ilimitado Lleno/Lleno 
Cancelaciones
Modificaciones Gratis
 Opel Insignia SW
67.08 Euros at 
ENTERPRISE
Condiciones
 Dentro aeropuerto Kilometraje Ilimitado Igual - Igual 
Cancelaciones
Modificaciones Gratis
 Toyota Yaris  Auto
67.13 Euros at 
ALQUICOCHE
Condiciones
 Autobús de cortesía Kilometraje Ilimitado Lleno/Lleno 
Cancelaciones
Modificaciones Gratis
 Citroen C3
67.49 Euros at 
DRIVALIA
Condiciones
 Autobús de cortesía Unknown Lleno/Lleno Not Refundable Audi A1  Auto
69.22 Euros at 
ALAMO
Condiciones
 Dentro aeropuerto Unknown Lleno/Lleno 
Cancelaciones
Modificaciones Gratis
 Toyota CHR  Auto, Hybrid
69.84 Euros at 
ALAMO
Condiciones
 Dentro aeropuerto Kilometraje Ilimitado Lleno/Lleno 
Cancelaciones
Modificaciones Gratis
 Opel Astra SW  Auto
70.0 Euros at 
DRIVALIA
Condiciones
 Autobús de cortesía Unknown Lleno/Lleno Not Refundable Ford Focus SW
72.51 Euros at 
NATIONAL
Condiciones
 Dentro aeropuerto Unknown Igual - Igual 
Cancelaciones
Modificaciones Gratis
 Seat Leon  Auto
76.32 Euros at 
ALQUICOCHE
Condiciones
 Autobús de cortesía Kilometraje Ilimitado Lleno/Lleno 
Cancelaciones
Modificaciones Gratis
 Hyundai i20  Auto, Diesel
78.21 Euros at 
OK MOBILITY
Condiciones
 Autobús de cortesía Unknown Lleno/Lleno Not Refundable Nissan Qashqai  Auto
79.05 Euros at 
DOLLAR
Condiciones
 Dentro aeropuerto Kilometraje Ilimitado Lleno/Lleno 
Cancelaciones Gratis
Modificaciones Gratis
 Renault Kadjar
79.35 Euros at 
ALQUICOCHE
Condiciones
 Autobús de cortesía Kilometraje Ilimitado Lleno/Lleno 
Cancelaciones
Modificaciones Gratis
 Hyundai Kona
79.35 Euros at 
ALQUICOCHE
Condiciones
 Autobús de cortesía Kilometraje Ilimitado Lleno/Lleno 
Cancelaciones
Modificaciones Gratis
 Citroen C3 Aircross, Diesel
79.77 Euros at 
BUDGET
Condiciones
 Dentro aeropuerto Kilometraje Ilimitado Lleno/Lleno 
Cancelaciones Gratis
Modificaciones Gratis
 Opel Crossland X
79.99 Euros at 
RENT A CAR
Condiciones
 Dentro aeropuerto Kilometraje Ilimitado Lleno/Lleno 
Cancelaciones
Modificaciones Gratis
 Seat Leon SW
79.99 Euros at 
RENT A CAR
Condiciones
 Dentro aeropuerto Kilometraje Ilimitado Lleno/Lleno 
Cancelaciones
Modificaciones Gratis
 Peugeot 2008  Auto
83.75 Euros at 
BUDGET
Condiciones
 Dentro aeropuerto Kilometraje Ilimitado Lleno/Lleno 
Cancelaciones Gratis
Modificaciones Gratis
 Renault Captur  Auto
85.0 Euros at 
DRIVALIA
Condiciones
 Autobús de cortesía Unknown Lleno/Lleno Not Refundable Alfa Romeo Stelvio  Auto
85.17 Euros at 
OK MOBILITY
Condiciones
 Autobús de cortesía Unknown Lleno/Lleno Not Refundable Cupra Formentor
89.45 Euros at 
KEDDY by Europcar
Condiciones
 Dentro aeropuerto Kilometraje Ilimitado Lleno/Lleno 
Cancelaciones
Modificaciones Gratis
 Nissan Micra
90.71 Euros at 
BUDGET
Condiciones
 Dentro aeropuerto Kilometraje Ilimitado Lleno/Lleno 
Cancelaciones Gratis
Modificaciones Gratis
 Seat Ateca
90.71 Euros at 
KEDDY by Europcar
Condiciones
 Dentro aeropuerto Kilometraje Ilimitado Eléctrico 
Cancelaciones
Modificaciones Gratis
 Renault Zoe  Auto, Electric
90.99 Euros at 
DOLLAR
Condiciones
 Dentro aeropuerto Kilometraje Ilimitado Lleno/Lleno 
Cancelaciones Gratis
Modificaciones Gratis
 Toyota Corolla
93.8 Euros at 
KEDDY by Europcar
Condiciones
 Dentro aeropuerto Kilometraje Ilimitado Lleno/Lleno 
Cancelaciones
Modificaciones Gratis
 Fiat 500L
95.34 Euros at 
OK MOBILITY
Condiciones
 Autobús de cortesía Unknown Lleno/Lleno Not Refundable Audi A3 Sedan  Auto
101.37 Euros at 
OK MOBILITY
Condiciones
 Autobús de cortesía Unknown Lleno/Lleno Not Refundable Lynk & Co  Auto, Hybrid
101.44 Euros at 
AVIS
Condiciones
 Dentro aeropuerto Kilometraje Ilimitado Lleno/Lleno 
Cancelaciones Gratis
Modificaciones Gratis
 Opel Grandland
103.84 Euros at 
RENT A CAR
Condiciones
 Dentro aeropuerto Kilometraje Ilimitado Lleno/Lleno 
Cancelaciones
Modificaciones Gratis
 BMW 3 Series  Auto
105.38 Euros at 
EUROPCAR
Condiciones
 Dentro aeropuerto Kilometraje Ilimitado Lleno/Lleno 
Cancelaciones
Modificaciones Gratis
 Fiat 500
105.98 Euros at 
SIXT
Condiciones
 Dentro aeropuerto Unknown Lleno/Lleno 
Cancelaciones
Modificaciones Gratis
 Volkswagen Polo
106.25 Euros at 
EUROPCAR
Condiciones
 Dentro aeropuerto Kilometraje Ilimitado Lleno/Lleno 
Cancelaciones
Modificaciones Gratis
 Citroen Elysee
106.94 Euros at 
EUROPCAR
Condiciones
 Dentro aeropuerto Kilometraje Ilimitado Lleno/Lleno 
Cancelaciones
Modificaciones Gratis
 Fiat Panda
108.92 Euros at 
BUDGET
Condiciones
 Dentro aeropuerto Kilometraje Ilimitado Lleno/Lleno 
Cancelaciones Gratis
Modificaciones Gratis
 Ford Kuga  Auto
111.87 Euros at 
RENT A CAR
Condiciones
 Dentro aeropuerto Unknown Eléctrico 
Cancelaciones
Modificaciones Gratis
 Polestar 2 5 Door Auto, Electric
111.96 Euros at 
SIXT
Condiciones
 Dentro aeropuerto Unknown Lleno/Lleno 
Cancelaciones
Modificaciones Gratis
 Skoda Scala
112.02 Euros at 
OK MOBILITY
Condiciones
 Autobús de cortesía Unknown Lleno/Lleno Not Refundable Mercedes Citan, Diesel
112.18 Euros at 
KEDDY by Europcar
Condiciones
 Dentro aeropuerto Kilometraje Ilimitado Lleno/Lleno 
Cancelaciones
Modificaciones Gratis
 VW Polo  Auto
114.78 Euros at 
OK MOBILITY
Condiciones
 Autobús de cortesía Unknown Lleno/Lleno Not Refundable Mercedes C Class  Auto
115.44 Euros at 
GOLDCAR KEYN GO
Condiciones
 Dentro aeropuerto Kilometraje Ilimitado Lleno/Lleno 
Cancelaciones
Modificaciones Gratis
 Peugeot 108
115.44 Euros at 
GOLDCAR KEYN GO
Condiciones
 Dentro aeropuerto Kilometraje Ilimitado Lleno/Lleno 
Cancelaciones
Modificaciones Gratis
 Opel Adam
115.44 Euros at 
GOLDCAR KEYN GO
Condiciones
 Dentro aeropuerto Kilometraje Ilimitado Lleno/Lleno 
Cancelaciones
Modificaciones Gratis
 Volkswagen UP
116.96 Euros at 
SIXT
Condiciones
 Dentro aeropuerto Unknown Lleno/Lleno 
Cancelaciones
Modificaciones Gratis
 Volkswagen T-Cross
117.35 Euros at 
GOLDCAR KEYN GO
Condiciones
 Dentro aeropuerto Kilometraje Ilimitado Lleno/Lleno 
Cancelaciones
Modificaciones Gratis
 Fiat 500
117.35 Euros at 
GOLDCAR KEYN GO
Condiciones
 Dentro aeropuerto Kilometraje Ilimitado Lleno/Lleno 
Cancelaciones
Modificaciones Gratis
 Citroen DS3, Special Offer
117.57 Euros at 
OK MOBILITY
Condiciones
 Autobús de cortesía Unknown Lleno/Lleno Not Refundable DS7  Auto
117.73 Euros at 
RENT A CAR
Condiciones
 Dentro aeropuerto Unknown Eléctrico 
Cancelaciones
Modificaciones Gratis
 Tesla Model 3  Auto, Electric
117.74 Euros at 
NIZACARS
Condiciones
 Autobús de cortesía Unknown Lleno/Vacío (Dev.) 
Cancelaciones Gratis
Modificaciones Gratis
 Skoda Scala  Auto
117.86 Euros at 
KEDDY by Europcar
Condiciones
 Dentro aeropuerto Kilometraje Ilimitado Lleno/Lleno 
Cancelaciones
Modificaciones Gratis
 Volkswagen T-Roc
118.6 Euros at 
NIZACARS
Condiciones
 Autobús de cortesía Unknown Lleno/Vacío (Dev.) 
Cancelaciones Gratis
Modificaciones Gratis
 Mini Cooper  Auto
121.81 Euros at 
AVIS
Condiciones
 Dentro aeropuerto Kilometraje Ilimitado Lleno/Lleno 
Cancelaciones Gratis
Modificaciones Gratis
 Seat Ateca  Auto
125.2 Euros at 
KEDDY by Europcar
Condiciones
 Dentro aeropuerto Kilometraje Ilimitado Lleno/Lleno 
Cancelaciones
Modificaciones Gratis
 Peugeot 3008  Auto, Hybrid
125.58 Euros at 
GOLDCAR KEYN GO
Condiciones
 Dentro aeropuerto Kilometraje Ilimitado Eléctrico 
Cancelaciones
Modificaciones Gratis
 Fiat 500  Auto, Electric
125.64 Euros at 
ALQUICOCHE
Condiciones
 Autobús de cortesía Kilometraje Ilimitado Lleno/Lleno 
Cancelaciones
Modificaciones Gratis
 Citroen C4 Picasso 5+2  Auto, Diesel
126.21 Euros at 
NIZACARS
Condiciones
 Autobús de cortesía Unknown Lleno/Vacío (Dev.) 
Cancelaciones Gratis
Modificaciones Gratis
 Skoda Karoq  Auto
126.21 Euros at 
NIZACARS
Condiciones
 Autobús de cortesía Unknown Lleno/Vacío (Dev.) 
Cancelaciones Gratis
Modificaciones Gratis
 Renault Arkana  Auto
126.62 Euros at 
RECORD
Condiciones
 Dentro aeropuerto Kilometraje Ilimitado Lleno/Lleno 
Cancelaciones Gratis
Modificaciones Gratis
 Fiat 500X
128.22 Euros at 
OK MOBILITY
Condiciones
 Autobús de cortesía Unknown Lleno/Lleno Not Refundable Mercedes C Class SW  Auto
128.96 Euros at 
SIXT
Condiciones
 Dentro aeropuerto Unknown Lleno/Lleno 
Cancelaciones
Modificaciones Gratis
 Audi A1
128.99 Euros at 
SIXT
Condiciones
 Dentro aeropuerto Unknown Lleno/Lleno 
Cancelaciones
Modificaciones Gratis
 Peugeot 308  Auto
129.63 Euros at 
OK MOBILITY
Condiciones
 Autobús de cortesía Unknown Lleno/Lleno Not Refundable BMW X3  Auto
133.97 Euros at 
SIXT
Condiciones
 Dentro aeropuerto Unknown Eléctrico 
Cancelaciones
Modificaciones Gratis
 BMW i3  Auto, Electric
135.19 Euros at 
GOLDCAR KEYN GO
Condiciones
 Dentro aeropuerto Kilometraje Ilimitado Lleno/Lleno 
Cancelaciones
Modificaciones Gratis
 Seat Arona  Auto
135.97 Euros at 
SIXT
Condiciones
 Dentro aeropuerto Unknown Lleno/Lleno 
Cancelaciones
Modificaciones Gratis
 Citroen C4
136.47 Euros at 
NIZACARS
Condiciones
 Autobús de cortesía Unknown Lleno/Vacío (Dev.) 
Cancelaciones Gratis
Modificaciones Gratis
 Audi A3  Auto
136.96 Euros at 
SIXT
Condiciones
 Dentro aeropuerto Unknown Lleno/Lleno 
Cancelaciones
Modificaciones Gratis
 Audi A3 Sportback
137.98 Euros at 
SIXT
Condiciones
 Dentro aeropuerto Unknown Lleno/Lleno 
Cancelaciones
Modificaciones Gratis
 Citroen C4  Auto
143.35 Euros at 
EUROPCAR
Condiciones
 Dentro aeropuerto Kilometraje Ilimitado Lleno/Lleno 
Cancelaciones
Modificaciones Gratis
 Fiat Tipo
144.87 Euros at 
EUROPCAR
Condiciones
 Dentro aeropuerto Kilometraje Ilimitado Lleno/Lleno 
Cancelaciones
Modificaciones Gratis
 Opel Mokka  Auto
145.88 Euros at 
NIZACARS
Condiciones
 Autobús de cortesía Unknown Lleno/Vacío (Dev.) 
Cancelaciones Gratis
Modificaciones Gratis
 Mini Cooper Cabrio  Auto
148.98 Euros at 
SIXT
Condiciones
 Dentro aeropuerto Unknown Lleno/Lleno 
Cancelaciones
Modificaciones Gratis
 Mercedes A Class  Auto
157.39 Euros at 
RENT A CAR
Condiciones
 Dentro aeropuerto Kilometraje Ilimitado Lleno/Lleno 
Cancelaciones
Modificaciones Gratis
 Volvo XC60  Auto
159.07 Euros at 
NIZACARS
Condiciones
 Autobús de cortesía Unknown Lleno/Vacío (Dev.) 
Cancelaciones Gratis
Modificaciones Gratis
 BMW X1  Auto
208.95 Euros at 
SIXT
Condiciones
 Dentro aeropuerto Unknown Lleno/Lleno 
Cancelaciones
Modificaciones Gratis
 Audi A4
214.18 Euros at 
ALAMO
Condiciones
 Dentro aeropuerto Unknown Lleno/Lleno 
Cancelaciones
Modificaciones Gratis
 Seat Toledo  Auto
216.21 Euros at 
ALAMO
Condiciones
 Dentro aeropuerto Unknown Lleno/Lleno 
Cancelaciones
Modificaciones Gratis
 Opel Insignia  Auto
218.82 Euros at 
EUROPCAR
Condiciones
 Dentro aeropuerto Kilometraje Ilimitado Eléctrico 
Cancelaciones
Modificaciones Gratis
 Ford Mustang Mach-E  Auto, Electric
218.95 Euros at 
SIXT
Condiciones
 Dentro aeropuerto Unknown Lleno/Lleno 
Cancelaciones
Modificaciones Gratis
 Audi A4  Auto
220.45 Euros at 
ALAMO
Condiciones
 Dentro aeropuerto Kilometraje Ilimitado Lleno/Lleno 
Cancelaciones
Modificaciones Gratis
 Opel Insignia SW  Auto
228.94 Euros at 
SIXT
Condiciones
 Dentro aeropuerto Unknown Lleno/Lleno 
Cancelaciones
Modificaciones Gratis
 Audi Q3  Auto
230.94 Euros at 
ALAMO
Condiciones
 Dentro aeropuerto Unknown Lleno/Lleno 
Cancelaciones
Modificaciones Gratis
 Volvo XC40  Auto
231.98 Euros at 
SIXT
Condiciones
 Dentro aeropuerto Unknown Lleno/Lleno 
Cancelaciones
Modificaciones Gratis
 Audi A4 SW  Auto
232.14 Euros at 
RECORD
Condiciones
 Dentro aeropuerto Kilometraje Ilimitado Lleno/Lleno 
Cancelaciones Gratis
Modificaciones Gratis
 Toyota Corolla  Auto, Hybrid
233.17 Euros at 
BUDGET
Condiciones
 Dentro aeropuerto Kilometraje Ilimitado Lleno/Lleno 
Cancelaciones Gratis
Modificaciones Gratis
 BMW 5 Series  Auto, Diesel
233.97 Euros at 
SIXT
Condiciones
 Dentro aeropuerto Unknown Lleno/Lleno 
Cancelaciones
Modificaciones Gratis
 BMW X1  Auto, Hybrid
250.35 Euros at 
ALAMO
Condiciones
 Dentro aeropuerto Unknown Lleno/Lleno 
Cancelaciones
Modificaciones Gratis
 Mercedes C Class
268.43 Euros at 
RECORD
Condiciones
 Dentro aeropuerto Unknown Lleno/Lleno 
Cancelaciones Gratis
Modificaciones Gratis
 Ford Kuga  Auto, Hybrid
281.4 Euros at 
RECORD
Condiciones
 Dentro aeropuerto Unknown Lleno/Lleno 
Cancelaciones Gratis
Modificaciones Gratis
 Mercedes B Class  Auto
300.4 Euros at 
ALAMO
Condiciones
 Dentro aeropuerto Unknown Lleno/Lleno 
Cancelaciones
Modificaciones Gratis
 Mercedes E Class  Auto
300.4 Euros at 
ALAMO
Condiciones
 Dentro aeropuerto Unknown Lleno/Lleno 
Cancelaciones
Modificaciones Gratis
 Jaguar F-PACE  Auto
318.98 Euros at 
SIXT
Condiciones
 Dentro aeropuerto Unknown Lleno/Lleno 
Cancelaciones
Modificaciones Gratis
 Skoda Kodiaq
332.96 Euros at 
SIXT
Condiciones
 Dentro aeropuerto Unknown Eléctrico 
Cancelaciones
Modificaciones Gratis
 BMW IX40  Auto, Electric
332.97 Euros at 
SIXT
Condiciones
 Dentro aeropuerto Unknown Lleno/Lleno 
Cancelaciones
Modificaciones Gratis
 BMW 5 Series  Auto
333.27 Euros at 
OK MOBILITY
Condiciones
 Autobús de cortesía Unknown Lleno/Lleno Not Refundable Peugeot Rifter 5+2
338.79 Euros at 
ALQUICOCHE
Condiciones
 Autobús de cortesía Kilometraje Ilimitado Lleno/Lleno 
Cancelaciones
Modificaciones Gratis
 Peugeot 3008  Auto
348.94 Euros at 
SIXT
Condiciones
 Dentro aeropuerto Unknown Lleno/Lleno 
Cancelaciones
Modificaciones Gratis
 Audi A6 SW  Auto
351.95 Euros at 
SIXT
Condiciones
 Dentro aeropuerto Unknown Lleno/Lleno 
Cancelaciones
Modificaciones Gratis
 Mini One Cabrio
365.82 Euros at 
RECORD
Condiciones
 Dentro aeropuerto Unknown Lleno/Lleno 
Cancelaciones Gratis
Modificaciones Gratis
 Alfa Romeo Stelvio  Auto
383.25 Euros at 
OK MOBILITY
Condiciones
 Autobús de cortesía Unknown Lleno/Lleno Not Refundable Renault Espace  Auto
399.9 Euros at 
OK MOBILITY
Condiciones
 Autobús de cortesía Unknown Lleno/Lleno Not Refundable Renault Trafic
408.03 Euros at 
RECORD
Condiciones
 Dentro aeropuerto Unknown Lleno/Lleno 
Cancelaciones Gratis
Modificaciones Gratis
 Alfa Romeo Giulia  Auto
411.93 Euros at 
OK MOBILITY
Condiciones
 Autobús de cortesía Unknown Eléctrico Not Refundable Tesla Model Y  Auto, Electric
415.99 Euros at 
SIXT
Condiciones
 Dentro aeropuerto Unknown Lleno/Lleno 
Cancelaciones
Modificaciones Gratis
 Audi Q5  Auto
431.95 Euros at 
SIXT
Condiciones
 Dentro aeropuerto Unknown Eléctrico 
Cancelaciones
Modificaciones Gratis
 Tesla Model Y  Auto, Electric
434.95 Euros at 
SIXT
Condiciones
 Dentro aeropuerto Unknown Lleno/Lleno 
Cancelaciones
Modificaciones Gratis
 BMW 530  Auto
448.98 Euros at 
OK MOBILITY
Condiciones
 Autobús de cortesía Unknown Lleno/Lleno Not Refundable Mercedes V Class  Auto
453.15 Euros at 
OK MOBILITY
Condiciones
 Autobús de cortesía Unknown Lleno/Lleno Not Refundable Range Rover Velar  Auto
459.96 Euros at 
SIXT
Condiciones
 Dentro aeropuerto Unknown Lleno/Lleno 
Cancelaciones
Modificaciones Gratis
 VW Multivan
510.26 Euros at 
ALAMO
Condiciones
 Dentro aeropuerto Unknown Lleno/Lleno 
Cancelaciones
Modificaciones Gratis
 Peugeot Partner
514.37 Euros at 
EUROPCAR
Condiciones
 Dentro aeropuerto Kilometraje Ilimitado Eléctrico 
Cancelaciones
Modificaciones Gratis
 Audi e-tron  Auto, Electric
514.94 Euros at 
SIXT
Condiciones
 Dentro aeropuerto Unknown Lleno/Lleno 
Cancelaciones
Modificaciones Gratis
 BMW Z4 Cabrio  Auto
515.61 Euros at 
OK MOBILITY
Condiciones
 Autobús de cortesía Unknown Lleno/Lleno Not Refundable Mercedes Vito  Auto
604.76 Euros at 
ENTERPRISE
Condiciones
 Dentro aeropuerto Kilometraje Ilimitado Igual - Igual 
Cancelaciones
Modificaciones Gratis
 Peugeot Partner  Auto
611.97 Euros at 
SIXT
Condiciones
 Dentro aeropuerto Unknown Lleno/Lleno 
Cancelaciones
Modificaciones Gratis
 BMW 4 Series Cabrio  Auto
628.29 Euros at 
OK MOBILITY
Condiciones
 Autobús de cortesía Unknown Lleno/Lleno Not Refundable BMW X5  Auto
648.96 Euros at 
SIXT
Condiciones
 Dentro aeropuerto Unknown Lleno/Lleno 
Cancelaciones
Modificaciones Gratis
 BMW 7 Series  Auto
669.94 Euros at 
SIXT
Condiciones
 Dentro aeropuerto Unknown Lleno/Lleno 
Cancelaciones
Modificaciones Gratis
 BMW 8 Series Coupe  Auto
681.96 Euros at 
SIXT
Condiciones
 Dentro aeropuerto Unknown Lleno/Lleno 
Cancelaciones
Modificaciones Gratis
 Mercedes Benz Vito
763.96 Euros at 
SIXT
Condiciones
 Dentro aeropuerto Unknown Lleno/Lleno 
Cancelaciones
Modificaciones Gratis
 Mercedes E Class Cabrio  Auto
813.45 Euros at 
OK MOBILITY
Condiciones
 Autobús de cortesía Unknown Lleno/Lleno Not Refundable Maserati Levante  Auto
968.64 Euros at 
ALAMO
Condiciones
 Dentro aeropuerto Kilometraje Ilimitado Lleno/Lleno 
Cancelaciones
Modificaciones Gratis
 Citroen Berlingo  Auto
1377.69 Euros at 
RECORD
Condiciones
 Dentro aeropuerto Unknown Lleno/Lleno 
Cancelaciones Gratis
Modificaciones Gratis
 Citroen C4 Grand Spacetourer
1722.12 Euros at 
RECORD
Condiciones
 Dentro aeropuerto Unknown Lleno/Lleno 
Cancelaciones Gratis
Modificaciones Gratis
 VW Caravelle
Results have been already notified by email in the previous lookup
Waiting for next round:  1.7306499003966775
Next search programmed at: 14:02:00
... Searching in DoyouSpain...
11.58 Euros at 
OK MOBILITY
Condiciones
 Autobús de cortesía Unknown Eléctrico Not Refundable Smart EQ ForTwo  Auto, Electric
39.87 Euros at 
GOLDCAR
Condiciones
 Dentro aeropuerto Unknown Lleno/Vacío (Dev.) Not Refundable Peugeot 108
39.87 Euros at 
GOLDCAR
Condiciones
 Dentro aeropuerto Unknown Lleno/Vacío (Dev.) Not Refundable Opel Adam
39.87 Euros at 
GOLDCAR
Condiciones
 Dentro aeropuerto Unknown Lleno/Vacío (Dev.) Not Refundable Volkswagen UP
41.72 Euros at 
GOLDCAR
Condiciones
 Dentro aeropuerto Unknown Lleno/Vacío (Dev.) Not Refundable Fiat 500
41.72 Euros at 
GOLDCAR
Condiciones
 Dentro aeropuerto Unknown Lleno/Vacío (Dev.) Not Refundable Citroen DS3, Special Offer
41.93 Euros at 
FIREFLY
Condiciones
 Dentro aeropuerto Unknown Lleno/Lleno 
Cancelaciones Gratis
Modificaciones Gratis
 Hyundai i10
45.17 Euros at 
FIREFLY
Condiciones
 Dentro aeropuerto Unknown Lleno/Lleno 
Cancelaciones Gratis
Modificaciones Gratis
 Renault Clio
45.17 Euros at 
FIREFLY
Condiciones
 Dentro aeropuerto Unknown Lleno/Lleno 
Cancelaciones Gratis
Modificaciones Gratis
 Ford Fiesta
45.81 Euros at 
OK MOBILITY
Condiciones
 Autobús de cortesía Unknown Lleno/Lleno Not Refundable Seat Ibiza
49.0 Euros at 
ALAMO
Condiciones
 Dentro aeropuerto Unknown Lleno/Lleno 
Cancelaciones
Modificaciones Gratis
 Toyota Aygo
51.45 Euros at 
ALAMO
Condiciones
 Dentro aeropuerto Unknown Lleno/Lleno 
Cancelaciones
Modificaciones Gratis
 Opel Corsa
52.47 Euros at 
FIREFLY
Condiciones
 Dentro aeropuerto Unknown Lleno/Lleno 
Cancelaciones Gratis
Modificaciones Gratis
 Ford Focus
52.47 Euros at 
FIREFLY
Condiciones
 Dentro aeropuerto Unknown Lleno/Lleno 
Cancelaciones Gratis
Modificaciones Gratis
 VW Golf
52.77 Euros at 
OK MOBILITY
Condiciones
 Autobús de cortesía Unknown Lleno/Lleno Not Refundable Peugeot 2008
53.88 Euros at 
GOLDCAR
Condiciones
 Dentro aeropuerto Unknown Eléctrico Not Refundable Fiat 500  Auto, Electric
54.82 Euros at 
GOLDCAR
Condiciones
 Dentro aeropuerto Unknown Lleno/Vacío (Dev.) Not Refundable Ford Focus  Auto
57.55 Euros at 
DRIVALIA
Condiciones
 Autobús de cortesía Unknown Lleno/Lleno 
Cancelaciones Gratis
Modificaciones Gratis
 Fiat 500 Cabrio
54.99 Euros at 
DRIVALIA
Condiciones
 Autobús de cortesía Unknown Lleno/Lleno Not Refundable Fiat 500 Cabrio
56.91 Euros at 
ALAMO
Condiciones
 Dentro aeropuerto Unknown Lleno/Lleno 
Cancelaciones
Modificaciones Gratis
 Ford Focus
56.91 Euros at 
ALAMO
Condiciones
 Dentro aeropuerto Unknown Lleno/Lleno 
Cancelaciones
Modificaciones Gratis
 Seat Leon
57.5 Euros at 
DRIVALIA
Condiciones
 Autobús de cortesía Unknown Lleno/Lleno Not Refundable Kia Sportage
57.89 Euros at 
FIREFLY
Condiciones
 Dentro aeropuerto Unknown Lleno/Lleno 
Cancelaciones Gratis
Modificaciones Gratis
 Seat Arona
59.04 Euros at 
DOLLAR
Condiciones
 Dentro aeropuerto Kilometraje Ilimitado Lleno/Lleno 
Cancelaciones Gratis
Modificaciones Gratis
 Opel Mokka
59.16 Euros at 
GOLDCAR
Condiciones
 Dentro aeropuerto Unknown Lleno/Vacío (Dev.) Not Refundable Seat Arona  Auto
60.18 Euros at 
OK MOBILITY
Condiciones
 Autobús de cortesía Unknown Eléctrico Not Refundable Smart EQ ForFour  Auto, Electric
62.88 Euros at 
ALAMO
Condiciones
 Dentro aeropuerto Unknown Lleno/Lleno 
Cancelaciones
Modificaciones Gratis
 Nissan Qashqai
62.88 Euros at 
ALAMO
Condiciones
 Dentro aeropuerto Unknown Lleno/Lleno 
Cancelaciones
Modificaciones Gratis
 Opel Astra  Auto
63.18 Euros at 
ALAMO
Condiciones
 Dentro aeropuerto Kilometraje Ilimitado Lleno/Lleno 
Cancelaciones
Modificaciones Gratis
 Opel Astra SW
64.18 Euros at 
ALAMO
Condiciones
 Dentro aeropuerto Unknown Lleno/Lleno 
Cancelaciones
Modificaciones Gratis
 Mercedes A Class
64.18 Euros at 
ALAMO
Condiciones
 Dentro aeropuerto Unknown Lleno/Lleno 
Cancelaciones
Modificaciones Gratis
 Seat Toledo
64.78 Euros at 
ALAMO
Condiciones
 Dentro aeropuerto Unknown Lleno/Lleno 
Cancelaciones
Modificaciones Gratis
 Opel Insignia
64.78 Euros at 
DOLLAR
Condiciones
 Dentro aeropuerto Kilometraje Ilimitado Lleno/Lleno 
Cancelaciones Gratis
Modificaciones Gratis
 Volkswagen T-Roc  Auto
64.8 Euros at 
OK MOBILITY
Condiciones
 Autobús de cortesía Unknown Lleno/Lleno Not Refundable VW Golf  Auto
66.06 Euros at 
ALAMO
Condiciones
 Dentro aeropuerto Unknown Lleno/Lleno 
Cancelaciones
Modificaciones Gratis
 Ford Kuga
66.06 Euros at 
ALAMO
Condiciones
 Dentro aeropuerto Kilometraje Ilimitado Lleno/Lleno 
Cancelaciones
Modificaciones Gratis
 Opel Insignia SW
67.08 Euros at 
ENTERPRISE
Condiciones
 Dentro aeropuerto Kilometraje Ilimitado Igual - Igual 
Cancelaciones
Modificaciones Gratis
 Toyota Yaris  Auto
67.13 Euros at 
ALQUICOCHE
Condiciones
 Autobús de cortesía Kilometraje Ilimitado Lleno/Lleno 
Cancelaciones
Modificaciones Gratis
 Citroen C3
67.49 Euros at 
DRIVALIA
Condiciones
 Autobús de cortesía Unknown Lleno/Lleno Not Refundable Audi A1  Auto
69.22 Euros at 
ALAMO
Condiciones
 Dentro aeropuerto Unknown Lleno/Lleno 
Cancelaciones
Modificaciones Gratis
 Toyota CHR  Auto, Hybrid
69.84 Euros at 
ALAMO
Condiciones
 Dentro aeropuerto Kilometraje Ilimitado Lleno/Lleno 
Cancelaciones
Modificaciones Gratis
 Opel Astra SW  Auto
70.0 Euros at 
DRIVALIA
Condiciones
 Autobús de cortesía Unknown Lleno/Lleno Not Refundable Ford Focus SW
72.51 Euros at 
NATIONAL
Condiciones
 Dentro aeropuerto Unknown Igual - Igual 
Cancelaciones
Modificaciones Gratis
 Seat Leon  Auto
76.32 Euros at 
ALQUICOCHE
Condiciones
 Autobús de cortesía Kilometraje Ilimitado Lleno/Lleno 
Cancelaciones
Modificaciones Gratis
 Hyundai i20  Auto, Diesel
78.21 Euros at 
OK MOBILITY
Condiciones
 Autobús de cortesía Unknown Lleno/Lleno Not Refundable Nissan Qashqai  Auto
79.05 Euros at 
DOLLAR
Condiciones
 Dentro aeropuerto Kilometraje Ilimitado Lleno/Lleno 
Cancelaciones Gratis
Modificaciones Gratis
 Renault Kadjar
79.35 Euros at 
ALQUICOCHE
Condiciones
 Autobús de cortesía Kilometraje Ilimitado Lleno/Lleno 
Cancelaciones
Modificaciones Gratis
 Hyundai Kona
79.35 Euros at 
ALQUICOCHE
Condiciones
 Autobús de cortesía Kilometraje Ilimitado Lleno/Lleno 
Cancelaciones
Modificaciones Gratis
 Citroen C3 Aircross, Diesel
79.77 Euros at 
BUDGET
Condiciones
 Dentro aeropuerto Kilometraje Ilimitado Lleno/Lleno 
Cancelaciones Gratis
Modificaciones Gratis
 Opel Crossland X
79.99 Euros at 
RENT A CAR
Condiciones
 Dentro aeropuerto Kilometraje Ilimitado Lleno/Lleno 
Cancelaciones
Modificaciones Gratis
 Seat Leon SW
79.99 Euros at 
RENT A CAR
Condiciones
 Dentro aeropuerto Kilometraje Ilimitado Lleno/Lleno 
Cancelaciones
Modificaciones Gratis
 Peugeot 2008  Auto
83.75 Euros at 
BUDGET
Condiciones
 Dentro aeropuerto Kilometraje Ilimitado Lleno/Lleno 
Cancelaciones Gratis
Modificaciones Gratis
 Renault Captur  Auto
85.0 Euros at 
DRIVALIA
Condiciones
 Autobús de cortesía Unknown Lleno/Lleno Not Refundable Alfa Romeo Stelvio  Auto
85.17 Euros at 
OK MOBILITY
Condiciones
 Autobús de cortesía Unknown Lleno/Lleno Not Refundable Cupra Formentor
89.45 Euros at 
KEDDY by Europcar
Condiciones
 Dentro aeropuerto Kilometraje Ilimitado Lleno/Lleno 
Cancelaciones
Modificaciones Gratis
 Nissan Micra
90.71 Euros at 
BUDGET
Condiciones
 Dentro aeropuerto Kilometraje Ilimitado Lleno/Lleno 
Cancelaciones Gratis
Modificaciones Gratis
 Seat Ateca
90.71 Euros at 
KEDDY by Europcar
Condiciones
 Dentro aeropuerto Kilometraje Ilimitado Eléctrico 
Cancelaciones
Modificaciones Gratis
 Renault Zoe  Auto, Electric
90.99 Euros at 
DOLLAR
Condiciones
 Dentro aeropuerto Kilometraje Ilimitado Lleno/Lleno 
Cancelaciones Gratis
Modificaciones Gratis
 Toyota Corolla
93.8 Euros at 
KEDDY by Europcar
Condiciones
 Dentro aeropuerto Kilometraje Ilimitado Lleno/Lleno 
Cancelaciones
Modificaciones Gratis
 Fiat 500L
101.37 Euros at 
OK MOBILITY
Condiciones
 Autobús de cortesía Unknown Lleno/Lleno Not Refundable Lynk & Co  Auto, Hybrid
101.44 Euros at 
AVIS
Condiciones
 Dentro aeropuerto Kilometraje Ilimitado Lleno/Lleno 
Cancelaciones Gratis
Modificaciones Gratis
 Opel Grandland
103.84 Euros at 
RENT A CAR
Condiciones
 Dentro aeropuerto Kilometraje Ilimitado Lleno/Lleno 
Cancelaciones
Modificaciones Gratis
 BMW 3 Series  Auto
105.38 Euros at 
EUROPCAR
Condiciones
 Dentro aeropuerto Kilometraje Ilimitado Lleno/Lleno 
Cancelaciones
Modificaciones Gratis
 Fiat 500
105.98 Euros at 
SIXT
Condiciones
 Dentro aeropuerto Unknown Lleno/Lleno 
Cancelaciones
Modificaciones Gratis
 Volkswagen Polo
106.25 Euros at 
EUROPCAR
Condiciones
 Dentro aeropuerto Kilometraje Ilimitado Lleno/Lleno 
Cancelaciones
Modificaciones Gratis
 Citroen Elysee
106.94 Euros at 
EUROPCAR
Condiciones
 Dentro aeropuerto Kilometraje Ilimitado Lleno/Lleno 
Cancelaciones
Modificaciones Gratis
 Fiat Panda
108.92 Euros at 
BUDGET
Condiciones
 Dentro aeropuerto Kilometraje Ilimitado Lleno/Lleno 
Cancelaciones Gratis
Modificaciones Gratis
 Ford Kuga  Auto
111.87 Euros at 
RENT A CAR
Condiciones
 Dentro aeropuerto Unknown Eléctrico 
Cancelaciones
Modificaciones Gratis
 Polestar 2 5 Door Auto, Electric
111.96 Euros at 
SIXT
Condiciones
 Dentro aeropuerto Unknown Lleno/Lleno 
Cancelaciones
Modificaciones Gratis
 Skoda Scala
112.02 Euros at 
OK MOBILITY
Condiciones
 Autobús de cortesía Unknown Lleno/Lleno Not Refundable Mercedes Citan, Diesel
112.18 Euros at 
KEDDY by Europcar
Condiciones
 Dentro aeropuerto Kilometraje Ilimitado Lleno/Lleno 
Cancelaciones
Modificaciones Gratis
 VW Polo  Auto
114.78 Euros at 
OK MOBILITY
Condiciones
 Autobús de cortesía Unknown Lleno/Lleno Not Refundable Mercedes C Class  Auto
115.44 Euros at 
GOLDCAR KEYN GO
Condiciones
 Dentro aeropuerto Kilometraje Ilimitado Lleno/Lleno 
Cancelaciones
Modificaciones Gratis
 Peugeot 108
115.44 Euros at 
GOLDCAR KEYN GO
Condiciones
 Dentro aeropuerto Kilometraje Ilimitado Lleno/Lleno 
Cancelaciones
Modificaciones Gratis
 Opel Adam
115.44 Euros at 
GOLDCAR KEYN GO
Condiciones
 Dentro aeropuerto Kilometraje Ilimitado Lleno/Lleno 
Cancelaciones
Modificaciones Gratis
 Volkswagen UP
116.96 Euros at 
SIXT
Condiciones
 Dentro aeropuerto Unknown Lleno/Lleno 
Cancelaciones
Modificaciones Gratis
 Volkswagen T-Cross
117.35 Euros at 
GOLDCAR KEYN GO
Condiciones
 Dentro aeropuerto Kilometraje Ilimitado Lleno/Lleno 
Cancelaciones
Modificaciones Gratis
 Fiat 500
117.35 Euros at 
GOLDCAR KEYN GO
Condiciones
 Dentro aeropuerto Kilometraje Ilimitado Lleno/Lleno 
Cancelaciones
Modificaciones Gratis
 Citroen DS3, Special Offer
117.57 Euros at 
OK MOBILITY
Condiciones
 Autobús de cortesía Unknown Lleno/Lleno Not Refundable DS7  Auto
117.73 Euros at 
RENT A CAR
Condiciones
 Dentro aeropuerto Unknown Eléctrico 
Cancelaciones
Modificaciones Gratis
 Tesla Model 3  Auto, Electric
117.74 Euros at 
NIZACARS
Condiciones
 Autobús de cortesía Unknown Lleno/Vacío (Dev.) 
Cancelaciones Gratis
Modificaciones Gratis
 Skoda Scala  Auto
117.86 Euros at 
KEDDY by Europcar
Condiciones
 Dentro aeropuerto Kilometraje Ilimitado Lleno/Lleno 
Cancelaciones
Modificaciones Gratis
 Volkswagen T-Roc
118.6 Euros at 
NIZACARS
Condiciones
 Autobús de cortesía Unknown Lleno/Vacío (Dev.) 
Cancelaciones Gratis
Modificaciones Gratis
 Mini Cooper  Auto
121.81 Euros at 
AVIS
Condiciones
 Dentro aeropuerto Kilometraje Ilimitado Lleno/Lleno 
Cancelaciones Gratis
Modificaciones Gratis
 Seat Ateca  Auto
125.2 Euros at 
KEDDY by Europcar
Condiciones
 Dentro aeropuerto Kilometraje Ilimitado Lleno/Lleno 
Cancelaciones
Modificaciones Gratis
 Peugeot 3008  Auto, Hybrid
125.58 Euros at 
GOLDCAR KEYN GO
Condiciones
 Dentro aeropuerto Kilometraje Ilimitado Eléctrico 
Cancelaciones
Modificaciones Gratis
 Fiat 500  Auto, Electric
125.64 Euros at 
ALQUICOCHE
Condiciones
 Autobús de cortesía Kilometraje Ilimitado Lleno/Lleno 
Cancelaciones
Modificaciones Gratis
 Citroen C4 Picasso 5+2  Auto, Diesel
126.21 Euros at 
NIZACARS
Condiciones
 Autobús de cortesía Unknown Lleno/Vacío (Dev.) 
Cancelaciones Gratis
Modificaciones Gratis
 Skoda Karoq  Auto
126.21 Euros at 
NIZACARS
Condiciones
 Autobús de cortesía Unknown Lleno/Vacío (Dev.) 
Cancelaciones Gratis
Modificaciones Gratis
 Renault Arkana  Auto
126.62 Euros at 
RECORD
Condiciones
 Dentro aeropuerto Kilometraje Ilimitado Lleno/Lleno 
Cancelaciones Gratis
Modificaciones Gratis
 Fiat 500X
128.22 Euros at 
OK MOBILITY
Condiciones
 Autobús de cortesía Unknown Lleno/Lleno Not Refundable Mercedes C Class SW  Auto
128.96 Euros at 
SIXT
Condiciones
 Dentro aeropuerto Unknown Lleno/Lleno 
Cancelaciones
Modificaciones Gratis
 Audi A1
128.99 Euros at 
SIXT
Condiciones
 Dentro aeropuerto Unknown Lleno/Lleno 
Cancelaciones
Modificaciones Gratis
 Peugeot 308  Auto
129.63 Euros at 
OK MOBILITY
Condiciones
 Autobús de cortesía Unknown Lleno/Lleno Not Refundable BMW X3  Auto
130.79 Euros at 
GOLDCAR KEYN GO
Condiciones
 Dentro aeropuerto Kilometraje Ilimitado Lleno/Lleno 
Cancelaciones
Modificaciones Gratis
 Ford Focus  Auto
133.97 Euros at 
SIXT
Condiciones
 Dentro aeropuerto Unknown Eléctrico 
Cancelaciones
Modificaciones Gratis
 BMW i3  Auto, Electric
135.19 Euros at 
GOLDCAR KEYN GO
Condiciones
 Dentro aeropuerto Kilometraje Ilimitado Lleno/Lleno 
Cancelaciones
Modificaciones Gratis
 Seat Arona  Auto
135.97 Euros at 
SIXT
Condiciones
 Dentro aeropuerto Unknown Lleno/Lleno 
Cancelaciones
Modificaciones Gratis
 Citroen C4
136.47 Euros at 
NIZACARS
Condiciones
 Autobús de cortesía Unknown Lleno/Vacío (Dev.) 
Cancelaciones Gratis
Modificaciones Gratis
 Audi A3  Auto
136.96 Euros at 
SIXT
Condiciones
 Dentro aeropuerto Unknown Lleno/Lleno 
Cancelaciones
Modificaciones Gratis
 Audi A3 Sportback
137.98 Euros at 
SIXT
Condiciones
 Dentro aeropuerto Unknown Lleno/Lleno 
Cancelaciones
Modificaciones Gratis
 Citroen C4  Auto
143.35 Euros at 
EUROPCAR
Condiciones
 Dentro aeropuerto Kilometraje Ilimitado Lleno/Lleno 
Cancelaciones
Modificaciones Gratis
 Fiat Tipo
144.87 Euros at 
EUROPCAR
Condiciones
 Dentro aeropuerto Kilometraje Ilimitado Lleno/Lleno 
Cancelaciones
Modificaciones Gratis
 Opel Mokka  Auto
145.88 Euros at 
NIZACARS
Condiciones
 Autobús de cortesía Unknown Lleno/Vacío (Dev.) 
Cancelaciones Gratis
Modificaciones Gratis
 Mini Cooper Cabrio  Auto
148.98 Euros at 
SIXT
Condiciones
 Dentro aeropuerto Unknown Lleno/Lleno 
Cancelaciones
Modificaciones Gratis
 Mercedes A Class  Auto
157.39 Euros at 
RENT A CAR
Condiciones
 Dentro aeropuerto Kilometraje Ilimitado Lleno/Lleno 
Cancelaciones
Modificaciones Gratis
 Volvo XC60  Auto
159.07 Euros at 
NIZACARS
Condiciones
 Autobús de cortesía Unknown Lleno/Vacío (Dev.) 
Cancelaciones Gratis
Modificaciones Gratis
 BMW X1  Auto
208.95 Euros at 
SIXT
Condiciones
 Dentro aeropuerto Unknown Lleno/Lleno 
Cancelaciones
Modificaciones Gratis
 Audi A4
214.18 Euros at 
ALAMO
Condiciones
 